[INFO] [2025-03-06T13:16:46.035Z] 尝试注册新用户: admin1, 角色: admin
[WARN] [2025-03-06T13:16:46.069Z] 注册失败: 用户名 admin1 已存在
[WARN] [2025-03-06T13:16:46.069Z] 客户端错误: 用户名已存在
[INFO] [2025-03-06T13:16:46.471Z] 尝试注册新用户: admin1, 角色: admin
[WARN] [2025-03-06T13:16:46.475Z] 注册失败: 用户名 admin1 已存在
[WARN] [2025-03-06T13:16:46.476Z] 客户端错误: 用户名已存在
[INFO] [2025-03-06T13:16:46.609Z] 尝试注册新用户: admin1, 角色: admin
[WARN] [2025-03-06T13:16:46.613Z] 注册失败: 用户名 admin1 已存在
[WARN] [2025-03-06T13:16:46.613Z] 客户端错误: 用户名已存在
[INFO] [2025-03-06T13:16:46.735Z] 尝试注册新用户: admin1, 角色: admin
[WARN] [2025-03-06T13:16:46.739Z] 注册失败: 用户名 admin1 已存在
[WARN] [2025-03-06T13:16:46.739Z] 客户端错误: 用户名已存在
[INFO] [2025-03-06T13:16:46.885Z] 尝试注册新用户: admin1, 角色: admin
[WARN] [2025-03-06T13:16:46.893Z] 注册失败: 用户名 admin1 已存在
[WARN] [2025-03-06T13:16:46.894Z] 客户端错误: 用户名已存在
[INFO] [2025-03-06T13:16:47.029Z] 尝试注册新用户: admin1, 角色: admin
[WARN] [2025-03-06T13:16:47.031Z] 注册失败: 用户名 admin1 已存在
[WARN] [2025-03-06T13:16:47.031Z] 客户端错误: 用户名已存在
[INFO] [2025-03-06T13:16:50.278Z] 尝试注册新用户: admin2, 角色: admin
[INFO] [2025-03-06T13:16:50.596Z] 尝试注册新用户: admin2, 角色: admin
[INFO] [2025-03-06T13:16:50.640Z] 尝试注册新用户: admin2, 角色: admin
[INFO] [2025-03-06T13:16:50.953Z] 尝试注册新用户: admin2, 角色: admin
[INFO] [2025-03-06T13:16:51.133Z] 尝试注册新用户: admin2, 角色: admin
[INFO] [2025-03-06T13:16:51.503Z] 用户注册成功: admin2, ID: ADMIN_20250306131650
[INFO] [2025-03-06T13:16:58.670Z] 尝试登录: admin2
[INFO] [2025-03-06T13:16:59.056Z] 用户 admin2 登录成功
[INFO] [2025-03-06T13:17:00.631Z] 尝试登录: admin2
[INFO] [2025-03-06T13:17:01.020Z] 尝试登录: admin2
[INFO] [2025-03-06T13:17:01.389Z] 尝试登录: admin2
[INFO] [2025-03-06T13:17:01.882Z] 尝试登录: admin2
[INFO] [2025-03-06T13:17:05.284Z] 用户 admin2 登录成功
[INFO] [2025-03-06T13:17:05.331Z] 用户 admin2 登录成功
[INFO] [2025-03-06T13:17:05.334Z] 用户 admin2 登录成功
[INFO] [2025-03-06T13:17:05.335Z] 用户 admin2 登录成功
[INFO] [2025-03-06T13:17:11.027Z] 尝试登录: admin2
[INFO] [2025-03-06T13:17:11.371Z] 用户 admin2 登录成功
[INFO] [2025-03-08T13:13:06.924Z] 尝试注册新用户: testuser, 角色: parent
[INFO] [2025-03-08T13:13:07.231Z] 用户注册成功: testuser, ID: PARENT_20250308131306
[INFO] [2025-03-08T13:15:32.167Z] 尝试注册新用户: testuser, 角色: parent
[INFO] [2025-03-08T13:15:32.472Z] 用户注册成功: testuser, ID: PARENT_20250308131532
[WARN] [2025-03-08T13:40:14.197Z] 客户端错误: 未提供访问令牌
[INFO] [2025-03-08T13:44:57.035Z] 尝试注册新用户: testuser, 角色: parent
[INFO] [2025-03-08T13:44:57.572Z] 用户注册成功: testuser, ID: PARENT_20250308134457
[INFO] [2025-03-08T13:45:05.393Z] 尝试登录: testuser
[INFO] [2025-03-08T13:45:05.778Z] 用户 testuser 登录成功
[INFO] [2025-03-08T13:47:47.248Z] 查询教师列表: {}
[INFO] [2025-03-08T13:47:47.347Z] 查询教师列表成功: 找到 1 条记录
[INFO] [2025-03-09T06:52:04.173Z] 尝试注册新用户: parentuser1, 角色: parent
[INFO] [2025-03-09T06:52:04.536Z] 用户注册成功: parentuser1, ID: PARENT_20250309065204
