[ERROR] [2025-03-06T13:16:51.518Z] 用户注册过程中发生错误: E11000 duplicate key error collection: smart_tutor.users index: customId_1 dup key: { customId: "ADMIN_20250306131650" } : MongoServerError: E11000 duplicate key error collection: smart_tutor.users index: customId_1 dup key: { customId: "ADMIN_20250306131650" }
    at InsertOneOperation.execute (/Users/coya/Documents/Code/智能家教推荐系统/SmartTurtor_Server/node_modules/mongodb/lib/operations/insert.js:51:19)
    at process.processTicksAndRejections (node:internal/process/task_queues:105:5)
    at async tryOperation (/Users/coya/Documents/Code/智能家教推荐系统/SmartTurtor_Server/node_modules/mongodb/lib/operations/execute_operation.js:207:20)
    at async executeOperation (/Users/coya/Documents/Code/智能家教推荐系统/SmartTurtor_Server/node_modules/mongodb/lib/operations/execute_operation.js:75:16)
    at async Collection.insertOne (/Users/coya/Documents/Code/智能家教推荐系统/SmartTurtor_Server/node_modules/mongodb/lib/collection.js:157:16)
[ERROR] [2025-03-06T13:16:51.519Z] 服务器错误: E11000 duplicate key error collection: smart_tutor.users index: customId_1 dup key: { customId: "ADMIN_20250306131650" } : MongoServerError: E11000 duplicate key error collection: smart_tutor.users index: customId_1 dup key: { customId: "ADMIN_20250306131650" }
    at InsertOneOperation.execute (/Users/coya/Documents/Code/智能家教推荐系统/SmartTurtor_Server/node_modules/mongodb/lib/operations/insert.js:51:19)
    at process.processTicksAndRejections (node:internal/process/task_queues:105:5)
    at async tryOperation (/Users/coya/Documents/Code/智能家教推荐系统/SmartTurtor_Server/node_modules/mongodb/lib/operations/execute_operation.js:207:20)
    at async executeOperation (/Users/coya/Documents/Code/智能家教推荐系统/SmartTurtor_Server/node_modules/mongodb/lib/operations/execute_operation.js:75:16)
    at async Collection.insertOne (/Users/coya/Documents/Code/智能家教推荐系统/SmartTurtor_Server/node_modules/mongodb/lib/collection.js:157:16)
[ERROR] [2025-03-06T13:16:52.056Z] 用户注册过程中发生错误: E11000 duplicate key error collection: smart_tutor.users index: customId_1 dup key: { customId: "ADMIN_20250306131650" } : MongoServerError: E11000 duplicate key error collection: smart_tutor.users index: customId_1 dup key: { customId: "ADMIN_20250306131650" }
    at InsertOneOperation.execute (/Users/coya/Documents/Code/智能家教推荐系统/SmartTurtor_Server/node_modules/mongodb/lib/operations/insert.js:51:19)
    at process.processTicksAndRejections (node:internal/process/task_queues:105:5)
    at async tryOperation (/Users/coya/Documents/Code/智能家教推荐系统/SmartTurtor_Server/node_modules/mongodb/lib/operations/execute_operation.js:207:20)
    at async executeOperation (/Users/coya/Documents/Code/智能家教推荐系统/SmartTurtor_Server/node_modules/mongodb/lib/operations/execute_operation.js:75:16)
    at async Collection.insertOne (/Users/coya/Documents/Code/智能家教推荐系统/SmartTurtor_Server/node_modules/mongodb/lib/collection.js:157:16)
[ERROR] [2025-03-06T13:16:52.056Z] 服务器错误: E11000 duplicate key error collection: smart_tutor.users index: customId_1 dup key: { customId: "ADMIN_20250306131650" } : MongoServerError: E11000 duplicate key error collection: smart_tutor.users index: customId_1 dup key: { customId: "ADMIN_20250306131650" }
    at InsertOneOperation.execute (/Users/coya/Documents/Code/智能家教推荐系统/SmartTurtor_Server/node_modules/mongodb/lib/operations/insert.js:51:19)
    at process.processTicksAndRejections (node:internal/process/task_queues:105:5)
    at async tryOperation (/Users/coya/Documents/Code/智能家教推荐系统/SmartTurtor_Server/node_modules/mongodb/lib/operations/execute_operation.js:207:20)
    at async executeOperation (/Users/coya/Documents/Code/智能家教推荐系统/SmartTurtor_Server/node_modules/mongodb/lib/operations/execute_operation.js:75:16)
    at async Collection.insertOne (/Users/coya/Documents/Code/智能家教推荐系统/SmartTurtor_Server/node_modules/mongodb/lib/collection.js:157:16)
[ERROR] [2025-03-06T13:16:52.164Z] 用户注册过程中发生错误: E11000 duplicate key error collection: smart_tutor.users index: username_1 dup key: { username: "admin2" } : MongoServerError: E11000 duplicate key error collection: smart_tutor.users index: username_1 dup key: { username: "admin2" }
    at InsertOneOperation.execute (/Users/coya/Documents/Code/智能家教推荐系统/SmartTurtor_Server/node_modules/mongodb/lib/operations/insert.js:51:19)
    at process.processTicksAndRejections (node:internal/process/task_queues:105:5)
    at async tryOperation (/Users/coya/Documents/Code/智能家教推荐系统/SmartTurtor_Server/node_modules/mongodb/lib/operations/execute_operation.js:207:20)
    at async executeOperation (/Users/coya/Documents/Code/智能家教推荐系统/SmartTurtor_Server/node_modules/mongodb/lib/operations/execute_operation.js:75:16)
    at async Collection.insertOne (/Users/coya/Documents/Code/智能家教推荐系统/SmartTurtor_Server/node_modules/mongodb/lib/collection.js:157:16)
[ERROR] [2025-03-06T13:16:52.165Z] 服务器错误: E11000 duplicate key error collection: smart_tutor.users index: username_1 dup key: { username: "admin2" } : MongoServerError: E11000 duplicate key error collection: smart_tutor.users index: username_1 dup key: { username: "admin2" }
    at InsertOneOperation.execute (/Users/coya/Documents/Code/智能家教推荐系统/SmartTurtor_Server/node_modules/mongodb/lib/operations/insert.js:51:19)
    at process.processTicksAndRejections (node:internal/process/task_queues:105:5)
    at async tryOperation (/Users/coya/Documents/Code/智能家教推荐系统/SmartTurtor_Server/node_modules/mongodb/lib/operations/execute_operation.js:207:20)
    at async executeOperation (/Users/coya/Documents/Code/智能家教推荐系统/SmartTurtor_Server/node_modules/mongodb/lib/operations/execute_operation.js:75:16)
    at async Collection.insertOne (/Users/coya/Documents/Code/智能家教推荐系统/SmartTurtor_Server/node_modules/mongodb/lib/collection.js:157:16)
[ERROR] [2025-03-06T13:16:52.187Z] 用户注册过程中发生错误: E11000 duplicate key error collection: smart_tutor.users index: username_1 dup key: { username: "admin2" } : MongoServerError: E11000 duplicate key error collection: smart_tutor.users index: username_1 dup key: { username: "admin2" }
    at InsertOneOperation.execute (/Users/coya/Documents/Code/智能家教推荐系统/SmartTurtor_Server/node_modules/mongodb/lib/operations/insert.js:51:19)
    at process.processTicksAndRejections (node:internal/process/task_queues:105:5)
    at async tryOperation (/Users/coya/Documents/Code/智能家教推荐系统/SmartTurtor_Server/node_modules/mongodb/lib/operations/execute_operation.js:207:20)
    at async executeOperation (/Users/coya/Documents/Code/智能家教推荐系统/SmartTurtor_Server/node_modules/mongodb/lib/operations/execute_operation.js:75:16)
    at async Collection.insertOne (/Users/coya/Documents/Code/智能家教推荐系统/SmartTurtor_Server/node_modules/mongodb/lib/collection.js:157:16)
[ERROR] [2025-03-06T13:16:52.188Z] 服务器错误: E11000 duplicate key error collection: smart_tutor.users index: username_1 dup key: { username: "admin2" } : MongoServerError: E11000 duplicate key error collection: smart_tutor.users index: username_1 dup key: { username: "admin2" }
    at InsertOneOperation.execute (/Users/coya/Documents/Code/智能家教推荐系统/SmartTurtor_Server/node_modules/mongodb/lib/operations/insert.js:51:19)
    at process.processTicksAndRejections (node:internal/process/task_queues:105:5)
    at async tryOperation (/Users/coya/Documents/Code/智能家教推荐系统/SmartTurtor_Server/node_modules/mongodb/lib/operations/execute_operation.js:207:20)
    at async executeOperation (/Users/coya/Documents/Code/智能家教推荐系统/SmartTurtor_Server/node_modules/mongodb/lib/operations/execute_operation.js:75:16)
    at async Collection.insertOne (/Users/coya/Documents/Code/智能家教推荐系统/SmartTurtor_Server/node_modules/mongodb/lib/collection.js:157:16)
